[debug] [2024-02-28T20:27:02.295Z] ----------------------------------------------------------------------
[debug] [2024-02-28T20:27:02.298Z] Command:       C:\Users\ASUS\Design Project 2\node.exe C:\Users\ASUS\AppData\Roaming\npm\node_modules\firebase-tools\lib\bin\firebase.js login
[debug] [2024-02-28T20:27:02.298Z] CLI Version:   13.4.0
[debug] [2024-02-28T20:27:02.298Z] Platform:      win32
[debug] [2024-02-28T20:27:02.299Z] Node Version:  v20.11.0
[debug] [2024-02-28T20:27:02.299Z] Time:          Thu Feb 29 2024 04:27:02 GMT+0800 (Philippine Standard Time)
[debug] [2024-02-28T20:27:02.299Z] ----------------------------------------------------------------------
[debug] 
[debug] [2024-02-28T20:27:02.310Z] >>> [apiv2][query] GET https://firebase-public.firebaseio.com/cli.json [none]
[info] i  Firebase optionally collects CLI and Emulator Suite usage and error reporting information to help improve our products. Data is collected in accordance with Google's privacy policy (https://policies.google.com/privacy) and is not used to identify you.
 
[debug] [2024-02-28T20:27:02.848Z] <<< [apiv2][status] GET https://firebase-public.firebaseio.com/cli.json 200
[debug] [2024-02-28T20:27:02.848Z] <<< [apiv2][body] GET https://firebase-public.firebaseio.com/cli.json {"cloudBuildErrorAfter":1594252800000,"cloudBuildWarnAfter":1590019200000,"defaultNode10After":1594252800000,"minVersion":"3.0.5","node8DeploysDisabledAfter":1613390400000,"node8RuntimeDisabledAfter":1615809600000,"node8WarnAfter":1600128000000}
[info] 
[info] Visit this URL on this device to log in:
[info] https://accounts.google.com/o/oauth2/auth?client_id=563584335869-fgrhgmd47bqnekij5i8b5pr03ho849e6.apps.googleusercontent.com&scope=email%20openid%20https%3A%2F%2Fwww.googleapis.com%2Fauth%2Fcloudplatformprojects.readonly%20https%3A%2F%2Fwww.googleapis.com%2Fauth%2Ffirebase%20https%3A%2F%2Fwww.googleapis.com%2Fauth%2Fcloud-platform&response_type=code&state=468409672&redirect_uri=http%3A%2F%2Flocalhost%3A9005
[info] 
[info] Waiting for authentication...
[debug] [2024-02-28T20:28:05.728Z] >>> [apiv2][query] POST https://auth.firebase.tools/attest [none]
[debug] [2024-02-28T20:28:05.728Z] >>> [apiv2][body] POST https://auth.firebase.tools/attest {"session_id":"8547c654-8f6e-4217-8653-10dc9e6df382"}
[debug] [2024-02-28T20:28:06.366Z] <<< [apiv2][status] POST https://auth.firebase.tools/attest 200
[debug] [2024-02-28T20:28:06.366Z] <<< [apiv2][body] POST https://auth.firebase.tools/attest {"token":"nsa0S6pHFw9VYhnE_v_S5q3AUWlZIQbBLYTC2DOUP88"}
[info] 
[info] To sign in to the Firebase CLI:
[info] 
[info] 1. Take note of your session ID:
[info] 
[info]    8547C
[info] 
[info] 2. Visit the URL below on any device and follow the instructions to get your code:
[info] 
[info]    https://auth.firebase.tools/login?code_challenge=7Md3Qe8b8lWwVAXXSh0VmWFyUnSlP2CoKgaPQ_91NgI&session=8547c654-8f6e-4217-8653-10dc9e6df382&attest=nsa0S6pHFw9VYhnE_v_S5q3AUWlZIQbBLYTC2DOUP88
[info] 
[info] 3. Paste or enter the authorization code below once you have it:
[info] 
